{"level":"error","message":"Error loading the Swagger documentation file: Error: ENOENT: no such file or directory, open 'D:\\GitHub\\Node-Project\\backend\\swagger.yaml'","timestamp":"2025-10-28T20:51:53.469Z"}
{"level":"error","message":"Error loading the Swagger documentation file: Error: ENOENT: no such file or directory, open 'D:\\GitHub\\Node-Project\\swagger.yaml'","timestamp":"2025-10-28T20:54:32.609Z"}
{"level":"error","message":"Error loading the Swagger documentation file: Error: ENOENT: no such file or directory, open 'D:\\GitHub\\Node-Project\\swagger\\swagger.yaml'","timestamp":"2025-10-28T20:54:35.671Z"}
{"level":"error","message":"Redis client error: AggregateError","timestamp":"2025-10-29T06:31:23.705Z"}
{"level":"error","message":"Redis client error: AggregateError","timestamp":"2025-10-29T06:31:23.886Z"}
{"level":"error","message":"Redis client error: AggregateError","timestamp":"2025-10-29T06:31:24.199Z"}
{"level":"error","message":"Redis client error: AggregateError","timestamp":"2025-10-29T06:31:24.498Z"}
{"level":"error","message":"Redis client error: AggregateError","timestamp":"2025-10-29T06:31:24.967Z"}
{"level":"error","message":"Redis client error: AggregateError","timestamp":"2025-10-29T06:31:25.814Z"}
{"level":"error","message":"Redis client error: AggregateError","timestamp":"2025-10-29T06:31:27.517Z"}
{"level":"error","message":"Redis client error: AggregateError","timestamp":"2025-10-29T06:31:29.600Z"}
{"level":"error","message":"Redis client error: AggregateError","timestamp":"2025-10-29T06:31:31.745Z"}
{"level":"error","message":"Redis client error: AggregateError","timestamp":"2025-10-29T06:31:33.905Z"}
{"level":"error","message":"Redis client error: AggregateError","timestamp":"2025-10-29T06:31:35.925Z"}
{"level":"error","message":"Redis client error: AggregateError","timestamp":"2025-10-29T06:31:38.081Z"}
{"level":"error","message":"Email transporter verification failed:","timestamp":"2025-10-29T06:31:38.780Z"}
{"level":"error","message":"Redis client error: AggregateError","timestamp":"2025-10-29T06:31:40.113Z"}
{"level":"error","message":"Redis client error: AggregateError","timestamp":"2025-10-29T06:31:42.152Z"}
{"level":"error","message":"Redis client error: AggregateError","timestamp":"2025-10-29T06:31:44.252Z"}
{"level":"error","message":"Redis client error: AggregateError","timestamp":"2025-10-29T06:31:46.449Z"}
{"level":"error","message":"Redis client error: AggregateError","timestamp":"2025-10-29T06:31:48.471Z"}
{"level":"error","message":"Redis client error: AggregateError","timestamp":"2025-10-29T06:31:50.497Z"}
{"level":"error","message":"Redis client error: AggregateError","timestamp":"2025-10-29T06:31:52.610Z"}
{"level":"error","message":"Redis client error: AggregateError","timestamp":"2025-10-29T06:34:52.219Z"}
{"level":"error","message":"Redis client error: AggregateError","timestamp":"2025-10-29T06:34:52.359Z"}
{"level":"error","message":"Redis client error: AggregateError","timestamp":"2025-10-29T06:34:52.559Z"}
{"level":"error","message":"Redis client error: AggregateError","timestamp":"2025-10-29T06:34:52.810Z"}
{"level":"error","message":"Redis client error: AggregateError","timestamp":"2025-10-29T06:34:53.379Z"}
{"level":"error","message":"Redis client error: AggregateError","timestamp":"2025-10-29T06:34:54.233Z"}
{"level":"error","message":"Redis client error: AggregateError","timestamp":"2025-10-29T06:34:55.905Z"}
{"level":"error","message":"Redis client error: AggregateError","timestamp":"2025-10-29T06:34:58.062Z"}
{"level":"error","message":"Redis client error: AggregateError","timestamp":"2025-10-29T06:35:00.246Z"}
{"level":"error","message":"Redis client error: AggregateError","timestamp":"2025-10-29T06:35:02.324Z"}
{"level":"error","message":"Redis client error: AggregateError","timestamp":"2025-10-29T06:35:04.365Z"}
{"level":"error","message":"Redis client error: AggregateError","timestamp":"2025-10-29T06:35:06.557Z"}
{"level":"error","message":"Redis client error: AggregateError","timestamp":"2025-10-29T06:35:08.757Z"}
{"level":"error","message":"Redis client error: AggregateError","timestamp":"2025-10-29T06:35:10.943Z"}
{"level":"error","message":"Redis client error: AggregateError","timestamp":"2025-10-29T06:35:13.140Z"}
{"level":"error","message":"Redis client error: AggregateError","timestamp":"2025-10-29T06:35:15.219Z"}
{"level":"error","message":"Redis client error: AggregateError","timestamp":"2025-10-29T06:35:17.279Z"}
{"level":"error","message":"Redis client error: AggregateError","timestamp":"2025-10-29T06:35:19.354Z"}
{"level":"error","message":"Redis client error: AggregateError","timestamp":"2025-10-29T06:35:21.431Z"}
{"level":"error","message":"Redis client error: AggregateError","timestamp":"2025-10-29T06:35:23.577Z"}
{"level":"error","message":"Redis client error: AggregateError","timestamp":"2025-10-29T06:35:25.685Z"}
{"level":"error","message":"Redis client error: AggregateError","timestamp":"2025-10-29T06:35:27.747Z"}
{"level":"error","message":"Redis client error: AggregateError","timestamp":"2025-10-29T06:35:29.762Z"}
{"level":"error","message":"Redis client error: AggregateError","timestamp":"2025-10-29T06:35:31.971Z"}
{"level":"error","message":"Redis client error: AggregateError","timestamp":"2025-10-29T06:35:34.055Z"}
{"level":"error","message":"Redis client error: AggregateError","timestamp":"2025-10-29T06:35:36.133Z"}
{"level":"error","message":"Redis client error: AggregateError","timestamp":"2025-10-29T06:35:38.258Z"}
{"level":"error","message":"Redis client error: AggregateError","timestamp":"2025-10-29T06:35:40.270Z"}
{"level":"error","message":"Redis client error: AggregateError","timestamp":"2025-10-29T06:35:42.396Z"}
{"level":"error","message":"Redis client error: AggregateError","timestamp":"2025-10-29T06:35:44.514Z"}
{"level":"error","message":"Redis client error: AggregateError","timestamp":"2025-10-29T06:35:46.624Z"}
{"level":"error","message":"Redis client error: AggregateError","timestamp":"2025-10-29T06:35:48.646Z"}
{"level":"error","message":"Redis client error: AggregateError","timestamp":"2025-10-29T06:35:50.831Z"}
{"level":"error","message":"Redis client error: AggregateError","timestamp":"2025-10-29T06:35:52.988Z"}
{"level":"error","message":"Redis client error: AggregateError","timestamp":"2025-10-29T06:35:55.037Z"}
{"level":"error","message":"Redis client error: AggregateError","timestamp":"2025-10-29T06:35:57.127Z"}
{"level":"error","message":"Redis client error: AggregateError","timestamp":"2025-10-29T06:36:01.096Z"}
{"level":"error","message":"Redis client error: AggregateError","timestamp":"2025-10-29T06:36:01.399Z"}
{"level":"error","message":"Redis client error: AggregateError","timestamp":"2025-10-29T06:36:01.584Z"}
{"level":"error","message":"Redis client error: AggregateError","timestamp":"2025-10-29T06:36:01.943Z"}
{"level":"error","message":"Redis client error: AggregateError","timestamp":"2025-10-29T06:36:02.471Z"}
{"level":"error","message":"Redis client error: AggregateError","timestamp":"2025-10-29T06:36:03.374Z"}
{"level":"error","message":"Redis client error: AggregateError","timestamp":"2025-10-29T06:36:08.350Z"}
{"level":"error","message":"Redis client error: AggregateError","timestamp":"2025-10-29T06:36:08.511Z"}
{"level":"error","message":"Redis client error: AggregateError","timestamp":"2025-10-29T06:36:08.732Z"}
{"level":"error","message":"Redis client error: AggregateError","timestamp":"2025-10-29T06:36:09.023Z"}
{"level":"error","message":"Redis client error: AggregateError","timestamp":"2025-10-29T06:36:09.495Z"}
{"level":"error","message":"Redis client error: AggregateError","timestamp":"2025-10-29T06:36:10.427Z"}
{"level":"error","message":"Redis client error: AggregateError","timestamp":"2025-10-29T06:36:12.196Z"}
{"level":"error","message":"Redis client error: AggregateError","timestamp":"2025-10-29T06:36:19.036Z"}
{"level":"error","message":"Redis client error: AggregateError","timestamp":"2025-10-29T06:36:19.167Z"}
{"level":"error","message":"Redis client error: AggregateError","timestamp":"2025-10-29T06:36:19.307Z"}
{"level":"error","message":"Redis client error: AggregateError","timestamp":"2025-10-29T06:36:19.604Z"}
{"level":"error","message":"Redis client error: AggregateError","timestamp":"2025-10-29T06:36:20.165Z"}
{"level":"error","message":"Redis client error: AggregateError","timestamp":"2025-10-29T06:36:21.144Z"}
{"level":"error","message":"Redis client error: AggregateError","timestamp":"2025-10-29T06:36:26.502Z"}
{"level":"error","message":"Redis client error: AggregateError","timestamp":"2025-10-29T06:36:26.609Z"}
{"level":"error","message":"Redis client error: AggregateError","timestamp":"2025-10-29T06:36:26.915Z"}
{"level":"error","message":"Redis client error: AggregateError","timestamp":"2025-10-29T06:36:27.226Z"}
{"level":"error","message":"Redis client error: AggregateError","timestamp":"2025-10-29T06:36:27.633Z"}
{"level":"error","message":"Redis client error: AggregateError","timestamp":"2025-10-29T06:36:31.719Z"}
{"level":"error","message":"Redis client error: AggregateError","timestamp":"2025-10-29T06:36:31.953Z"}
{"level":"error","message":"Redis client error: AggregateError","timestamp":"2025-10-29T06:36:32.060Z"}
{"level":"error","message":"Redis client error: AggregateError","timestamp":"2025-10-29T06:36:32.305Z"}
{"level":"error","message":"Redis client error: AggregateError","timestamp":"2025-10-29T06:36:32.763Z"}
{"level":"error","message":"Redis client error: AggregateError","timestamp":"2025-10-29T06:36:33.607Z"}
{"level":"error","message":"Redis client error: AggregateError","timestamp":"2025-10-29T06:36:35.219Z"}
{"level":"error","message":"Redis client error: AggregateError","timestamp":"2025-10-29T06:37:20.747Z"}
{"level":"error","message":"Redis client error: AggregateError","timestamp":"2025-10-29T06:37:21.578Z"}
{"level":"error","message":"Redis client error: AggregateError","timestamp":"2025-10-29T06:37:21.764Z"}
{"level":"error","message":"Redis client error: AggregateError","timestamp":"2025-10-29T06:37:22.173Z"}
{"level":"error","message":"Redis client error: AggregateError","timestamp":"2025-10-29T06:37:22.735Z"}
{"level":"error","message":"Redis client error: AggregateError","timestamp":"2025-10-29T06:37:23.591Z"}
{"level":"error","message":"Redis client error: AggregateError","timestamp":"2025-10-29T06:37:25.381Z"}
{"level":"error","message":"Redis client error: AggregateError","timestamp":"2025-10-29T06:37:27.408Z"}
{"level":"error","message":"Redis client error: AggregateError","timestamp":"2025-10-29T06:37:29.625Z"}
{"level":"error","message":"Redis client error: AggregateError","timestamp":"2025-10-29T06:37:31.828Z"}
{"level":"error","message":"Redis client error: AggregateError","timestamp":"2025-10-29T06:37:33.966Z"}
{"level":"error","message":"Redis client error: AggregateError","timestamp":"2025-10-29T06:37:36.072Z"}
{"level":"error","message":"Redis client error: AggregateError","timestamp":"2025-10-29T06:37:38.263Z"}
{"level":"error","message":"Redis client error: AggregateError","timestamp":"2025-10-29T06:37:40.403Z"}
{"level":"error","message":"Redis client error: AggregateError","timestamp":"2025-10-29T06:37:42.428Z"}
{"level":"error","message":"Redis client error: AggregateError","timestamp":"2025-10-29T06:37:44.528Z"}
{"level":"error","message":"Redis client error: AggregateError","timestamp":"2025-10-29T06:37:46.656Z"}
{"level":"error","message":"Redis client error: AggregateError","timestamp":"2025-10-29T06:37:48.861Z"}
{"level":"error","message":"Redis client error: AggregateError","timestamp":"2025-10-29T06:37:50.909Z"}
{"level":"error","message":"Redis client error: AggregateError","timestamp":"2025-10-29T06:37:52.957Z"}
{"level":"error","message":"Redis client error: AggregateError","timestamp":"2025-10-29T06:37:55.157Z"}
{"level":"error","message":"Redis client error: AggregateError","timestamp":"2025-10-29T06:37:57.317Z"}
{"level":"error","message":"Redis client error: AggregateError","timestamp":"2025-10-29T06:37:59.434Z"}
{"level":"error","message":"Redis client error: AggregateError","timestamp":"2025-10-29T06:38:01.616Z"}
{"level":"error","message":"Redis client error: AggregateError","timestamp":"2025-10-29T06:38:03.764Z"}
{"level":"error","message":"Redis client error: AggregateError","timestamp":"2025-10-29T06:38:05.871Z"}
{"level":"error","message":"Redis client error: AggregateError","timestamp":"2025-10-29T06:38:08.065Z"}
{"level":"error","message":"Redis client error: AggregateError","timestamp":"2025-10-29T06:38:10.123Z"}
{"level":"error","message":"Redis client error: AggregateError","timestamp":"2025-10-29T06:38:12.234Z"}
{"level":"error","message":"Redis client error: AggregateError","timestamp":"2025-10-29T06:38:14.309Z"}
{"level":"error","message":"Redis client error: AggregateError","timestamp":"2025-10-29T06:38:16.352Z"}
{"level":"error","message":"Redis client error: AggregateError","timestamp":"2025-10-29T06:38:18.459Z"}
{"level":"error","message":"Redis client error: AggregateError","timestamp":"2025-10-29T06:38:20.554Z"}
{"level":"error","message":"Redis client error: AggregateError","timestamp":"2025-10-29T06:38:22.567Z"}
{"level":"error","message":"Redis client error: AggregateError","timestamp":"2025-10-29T06:38:24.657Z"}
{"level":"error","message":"Redis client error: AggregateError","timestamp":"2025-10-29T06:38:26.724Z"}
{"level":"error","message":"Redis client error: AggregateError","timestamp":"2025-10-29T06:38:28.810Z"}
{"level":"error","message":"Redis client error: AggregateError","timestamp":"2025-10-29T06:38:30.845Z"}
{"level":"error","message":"Redis client error: AggregateError","timestamp":"2025-10-29T06:38:36.600Z"}
{"level":"error","message":"Redis client error: AggregateError","timestamp":"2025-10-29T06:38:36.920Z"}
{"level":"error","message":"Redis client error: AggregateError","timestamp":"2025-10-29T06:38:37.065Z"}
{"level":"error","message":"Redis client error: AggregateError","timestamp":"2025-10-29T06:38:37.390Z"}
{"level":"error","message":"Redis client error: AggregateError","timestamp":"2025-10-29T06:38:37.949Z"}
{"level":"error","message":"Redis client error: AggregateError","timestamp":"2025-10-29T06:38:38.889Z"}
{"level":"error","message":"Redis client error: AggregateError","timestamp":"2025-10-29T06:38:45.763Z"}
{"level":"error","message":"Redis client error: AggregateError","timestamp":"2025-10-29T06:38:46.004Z"}
{"level":"error","message":"Redis client error: AggregateError","timestamp":"2025-10-29T06:38:46.164Z"}
{"level":"error","message":"Redis client error: AggregateError","timestamp":"2025-10-29T06:38:46.490Z"}
{"level":"error","message":"Redis client error: AggregateError","timestamp":"2025-10-29T06:38:46.915Z"}
{"level":"error","message":"Redis client error: AggregateError","timestamp":"2025-10-29T06:38:57.368Z"}
{"level":"error","message":"Redis client error: AggregateError","timestamp":"2025-10-29T06:38:57.498Z"}
{"level":"error","message":"Redis client error: AggregateError","timestamp":"2025-10-29T06:38:57.684Z"}
{"level":"error","message":"Redis client error: AggregateError","timestamp":"2025-10-29T06:38:57.981Z"}
{"level":"error","message":"Redis client error: AggregateError","timestamp":"2025-10-29T06:38:58.432Z"}
{"level":"error","message":"Redis client error: AggregateError","timestamp":"2025-10-29T06:39:09.753Z"}
{"level":"error","message":"Redis client error: AggregateError","timestamp":"2025-10-29T06:39:09.882Z"}
{"level":"error","message":"Redis client error: AggregateError","timestamp":"2025-10-29T06:39:14.723Z"}
{"level":"error","message":"Redis client error: AggregateError","timestamp":"2025-10-29T06:39:14.804Z"}
{"level":"error","message":"Redis client error: AggregateError","timestamp":"2025-10-29T06:39:15.048Z"}
{"level":"error","message":"Redis client error: AggregateError","timestamp":"2025-10-29T06:39:15.266Z"}
{"level":"error","message":"Redis client error: AggregateError","timestamp":"2025-10-29T06:39:15.684Z"}
{"level":"error","message":"Redis client error: AggregateError","timestamp":"2025-10-29T06:39:16.540Z"}
{"level":"error","message":"Redis client error: AggregateError","timestamp":"2025-10-29T06:39:18.321Z"}
{"level":"error","message":"Redis client error: AggregateError","timestamp":"2025-10-29T06:39:20.510Z"}
{"level":"error","message":"Redis client error: AggregateError","timestamp":"2025-10-29T06:39:22.588Z"}
{"level":"error","message":"Redis client error: AggregateError","timestamp":"2025-10-29T06:39:24.646Z"}
{"level":"error","message":"Redis client error: AggregateError","timestamp":"2025-10-29T06:39:26.738Z"}
{"level":"error","message":"Redis client error: AggregateError","timestamp":"2025-10-29T06:39:28.857Z"}
{"level":"error","message":"Redis client error: AggregateError","timestamp":"2025-10-29T06:39:30.978Z"}
{"level":"error","message":"Redis client error: AggregateError","timestamp":"2025-10-29T06:39:33.028Z"}
{"level":"error","message":"Redis client error: AggregateError","timestamp":"2025-10-29T06:39:35.093Z"}
{"level":"error","message":"Redis client error: AggregateError","timestamp":"2025-10-29T06:39:37.174Z"}
{"level":"error","message":"Redis client error: AggregateError","timestamp":"2025-10-29T06:39:39.284Z"}
{"level":"error","message":"Redis client error: AggregateError","timestamp":"2025-10-29T06:39:41.319Z"}
{"level":"error","message":"Redis client error: AggregateError","timestamp":"2025-10-29T06:39:43.413Z"}
{"level":"error","message":"Redis client error: AggregateError","timestamp":"2025-10-29T06:39:45.522Z"}
{"level":"error","message":"Redis client error: AggregateError","timestamp":"2025-10-29T06:39:47.699Z"}
{"level":"error","message":"Redis client error: AggregateError","timestamp":"2025-10-29T06:39:49.735Z"}
{"level":"error","message":"Redis client error: AggregateError","timestamp":"2025-10-29T06:39:51.915Z"}
{"level":"error","message":"Redis client error: AggregateError","timestamp":"2025-10-29T06:39:54.085Z"}
{"level":"error","message":"Redis client error: AggregateError","timestamp":"2025-10-29T06:39:56.252Z"}
{"level":"error","message":"Redis client error: AggregateError","timestamp":"2025-10-29T06:39:58.404Z"}
{"level":"error","message":"Redis client error: AggregateError","timestamp":"2025-10-29T06:40:00.480Z"}
{"level":"error","message":"Redis client error: AggregateError","timestamp":"2025-10-29T06:40:02.598Z"}
{"level":"error","message":"Redis client error: AggregateError","timestamp":"2025-10-29T06:40:04.660Z"}
{"level":"error","message":"Redis client error: AggregateError","timestamp":"2025-10-29T06:40:06.697Z"}
{"level":"error","message":"Redis client error: AggregateError","timestamp":"2025-10-29T06:40:08.802Z"}
{"level":"error","message":"Redis client error: AggregateError","timestamp":"2025-10-29T06:40:10.947Z"}
{"level":"error","message":"Redis client error: AggregateError","timestamp":"2025-10-29T06:40:12.992Z"}
{"level":"error","message":"Redis client error: AggregateError","timestamp":"2025-10-29T06:40:15.043Z"}
{"level":"error","message":"Redis client error: AggregateError","timestamp":"2025-10-29T06:40:17.134Z"}
{"level":"error","message":"Redis client error: AggregateError","timestamp":"2025-10-29T06:40:19.162Z"}
{"level":"error","message":"Redis client error: AggregateError","timestamp":"2025-10-29T06:40:21.275Z"}
{"level":"error","message":"Redis client error: AggregateError","timestamp":"2025-10-29T06:40:23.292Z"}
{"level":"error","message":"Redis client error: AggregateError","timestamp":"2025-10-29T06:40:25.324Z"}
{"level":"error","message":"Redis client error: AggregateError","timestamp":"2025-10-29T06:40:27.429Z"}
{"level":"error","message":"Redis client error: AggregateError","timestamp":"2025-10-29T06:40:29.637Z"}
{"level":"error","message":"Redis client error: AggregateError","timestamp":"2025-10-29T06:40:31.746Z"}
{"level":"error","message":"Redis client error: AggregateError","timestamp":"2025-10-29T06:40:33.930Z"}
{"level":"error","message":"Redis client error: AggregateError","timestamp":"2025-10-29T06:40:36.064Z"}
{"level":"error","message":"Redis client error: AggregateError","timestamp":"2025-10-29T06:40:38.098Z"}
{"level":"error","message":"Redis client error: AggregateError","timestamp":"2025-10-29T06:40:40.164Z"}
{"level":"error","message":"Redis client error: AggregateError","timestamp":"2025-10-29T06:40:42.246Z"}
{"level":"error","message":"Redis client error: AggregateError","timestamp":"2025-10-29T06:40:44.335Z"}
{"level":"error","message":"Redis client error: AggregateError","timestamp":"2025-10-29T06:40:46.419Z"}
{"level":"error","message":"Redis client error: AggregateError","timestamp":"2025-10-29T06:40:48.532Z"}
{"level":"error","message":"Redis client error: AggregateError","timestamp":"2025-10-29T06:40:50.594Z"}
{"level":"error","message":"Redis client error: AggregateError","timestamp":"2025-10-29T06:40:52.767Z"}
{"level":"error","message":"Redis client error: AggregateError","timestamp":"2025-10-29T06:40:54.969Z"}
{"level":"error","message":"Redis client error: AggregateError","timestamp":"2025-10-29T06:40:57.151Z"}
{"level":"error","message":"Redis client error: AggregateError","timestamp":"2025-10-29T06:40:59.317Z"}
{"level":"error","message":"Redis client error: AggregateError","timestamp":"2025-10-29T06:41:01.513Z"}
{"level":"error","message":"Redis client error: AggregateError","timestamp":"2025-10-29T06:41:03.557Z"}
{"level":"error","message":"Redis client error: AggregateError","timestamp":"2025-10-29T06:41:05.615Z"}
{"level":"error","message":"Redis client error: AggregateError","timestamp":"2025-10-29T06:41:07.660Z"}
{"level":"error","message":"Redis client error: AggregateError","timestamp":"2025-10-29T06:41:09.764Z"}
{"level":"error","message":"Redis client error: AggregateError","timestamp":"2025-10-29T06:41:11.855Z"}
{"level":"error","message":"Redis client error: AggregateError","timestamp":"2025-10-29T06:41:14.004Z"}
{"level":"error","message":"Redis client error: AggregateError","timestamp":"2025-10-29T06:41:16.044Z"}
{"level":"error","message":"Redis client error: AggregateError","timestamp":"2025-10-29T06:41:18.218Z"}
{"level":"error","message":"Redis client error: AggregateError","timestamp":"2025-10-29T06:41:20.309Z"}
{"level":"error","message":"Redis client error: AggregateError","timestamp":"2025-10-29T06:41:22.358Z"}
{"level":"error","message":"Redis client error: AggregateError","timestamp":"2025-10-29T06:41:24.522Z"}
{"level":"error","message":"Redis client error: AggregateError","timestamp":"2025-10-29T06:41:26.592Z"}
{"level":"error","message":"Redis client error: AggregateError","timestamp":"2025-10-29T06:41:28.762Z"}
{"level":"error","message":"Redis client error: AggregateError","timestamp":"2025-10-29T06:41:30.891Z"}
{"level":"error","message":"Redis client error: AggregateError","timestamp":"2025-10-29T06:41:33.043Z"}
{"level":"error","message":"Redis client error: AggregateError","timestamp":"2025-10-29T06:41:35.218Z"}
{"level":"error","message":"Redis client error: AggregateError","timestamp":"2025-10-29T06:41:37.354Z"}
{"level":"error","message":"Redis client error: AggregateError","timestamp":"2025-10-29T06:41:39.560Z"}
{"level":"error","message":"Redis client error: AggregateError","timestamp":"2025-10-29T06:41:41.682Z"}
{"level":"error","message":"Redis client error: AggregateError","timestamp":"2025-10-29T06:41:43.775Z"}
{"level":"error","message":"Redis client error: AggregateError","timestamp":"2025-10-29T06:41:45.932Z"}
{"level":"error","message":"Redis client error: AggregateError","timestamp":"2025-10-29T06:41:48.140Z"}
{"level":"error","message":"Redis client error: AggregateError","timestamp":"2025-10-29T06:41:50.285Z"}
{"level":"error","message":"Redis client error: AggregateError","timestamp":"2025-10-29T06:41:52.331Z"}
{"level":"error","message":"Redis client error: AggregateError","timestamp":"2025-10-29T06:41:54.514Z"}
{"level":"error","message":"Redis client error: AggregateError","timestamp":"2025-10-29T06:41:56.614Z"}
{"level":"error","message":"Redis client error: AggregateError","timestamp":"2025-10-29T06:41:58.745Z"}
{"level":"error","message":"Redis client error: AggregateError","timestamp":"2025-10-29T06:42:00.888Z"}
{"level":"error","message":"Redis client error: AggregateError","timestamp":"2025-10-29T06:42:02.952Z"}
{"level":"error","message":"Redis client error: AggregateError","timestamp":"2025-10-29T06:42:05.056Z"}
{"level":"error","message":"Redis client error: AggregateError","timestamp":"2025-10-29T06:42:07.126Z"}
{"level":"error","message":"Redis client error: AggregateError","timestamp":"2025-10-29T06:42:09.204Z"}
{"level":"error","message":"Redis client error: AggregateError","timestamp":"2025-10-29T06:42:11.252Z"}
{"level":"error","message":"Redis client error: AggregateError","timestamp":"2025-10-29T06:42:13.398Z"}
{"level":"error","message":"Redis client error: AggregateError","timestamp":"2025-10-29T06:42:15.418Z"}
{"level":"error","message":"Redis client error: AggregateError","timestamp":"2025-10-29T06:42:19.218Z"}
{"level":"error","message":"Redis client error: AggregateError","timestamp":"2025-10-29T06:42:19.610Z"}
{"level":"error","message":"Redis client error: AggregateError","timestamp":"2025-10-29T06:42:19.745Z"}
{"level":"error","message":"Redis client error: AggregateError","timestamp":"2025-10-29T06:42:19.997Z"}
{"level":"error","message":"Redis client error: AggregateError","timestamp":"2025-10-29T06:42:20.605Z"}
{"level":"error","message":"Redis client error: AggregateError","timestamp":"2025-10-29T06:42:21.540Z"}
{"level":"error","message":"Redis client error: AggregateError","timestamp":"2025-10-29T06:42:23.315Z"}
{"level":"error","message":"Redis client error: AggregateError","timestamp":"2025-10-29T06:42:25.506Z"}
{"level":"error","message":"Redis client error: AggregateError","timestamp":"2025-10-29T06:42:27.669Z"}
{"level":"error","message":"Redis client error: AggregateError","timestamp":"2025-10-29T06:42:29.706Z"}
{"level":"error","message":"Redis client error: AggregateError","timestamp":"2025-10-29T06:42:31.830Z"}
{"level":"error","message":"Redis client error: AggregateError","timestamp":"2025-10-29T06:42:33.984Z"}
{"level":"error","message":"Redis client error: AggregateError","timestamp":"2025-10-29T06:42:36.078Z"}
{"level":"error","message":"Redis client error: AggregateError","timestamp":"2025-10-29T06:42:38.280Z"}
{"level":"error","message":"Redis client error: AggregateError","timestamp":"2025-10-29T06:42:40.390Z"}
{"level":"error","message":"Redis client error: AggregateError","timestamp":"2025-10-29T06:42:42.598Z"}
{"level":"error","message":"Redis client error: AggregateError","timestamp":"2025-10-29T06:42:44.802Z"}
{"level":"error","message":"Redis client error: AggregateError","timestamp":"2025-10-29T06:42:46.819Z"}
{"level":"error","message":"Redis client error: AggregateError","timestamp":"2025-10-29T06:42:48.962Z"}
{"level":"error","message":"Redis client error: AggregateError","timestamp":"2025-10-29T06:42:51.023Z"}
{"level":"error","message":"Redis client error: AggregateError","timestamp":"2025-10-29T06:42:53.119Z"}
{"level":"error","message":"Redis client error: AggregateError","timestamp":"2025-10-29T06:42:55.218Z"}
{"level":"error","message":"Redis client error: AggregateError","timestamp":"2025-10-29T06:42:57.285Z"}
{"level":"error","message":"Redis client error: AggregateError","timestamp":"2025-10-29T06:42:59.452Z"}
{"level":"error","message":"Redis client error: AggregateError","timestamp":"2025-10-29T06:43:01.534Z"}
{"level":"error","message":"Redis client error: AggregateError","timestamp":"2025-10-29T06:43:03.615Z"}
{"level":"error","message":"Redis client error: AggregateError","timestamp":"2025-10-29T06:43:05.671Z"}
{"level":"error","message":"Redis client error: AggregateError","timestamp":"2025-10-29T06:43:07.864Z"}
{"level":"error","message":"Redis client error: AggregateError","timestamp":"2025-10-29T06:43:10.062Z"}
{"level":"error","message":"Redis client error: AggregateError","timestamp":"2025-10-29T06:43:12.259Z"}
{"level":"error","message":"Redis client error: AggregateError","timestamp":"2025-10-29T06:43:14.377Z"}
{"level":"error","message":"Redis client error: AggregateError","timestamp":"2025-10-29T06:43:16.463Z"}
{"level":"error","message":"Redis client error: AggregateError","timestamp":"2025-10-29T06:43:18.620Z"}
{"level":"error","message":"Redis client error: AggregateError","timestamp":"2025-10-29T06:43:20.673Z"}
{"level":"error","message":"Redis client error: AggregateError","timestamp":"2025-10-29T06:43:22.857Z"}
{"level":"error","message":"Redis client error: AggregateError","timestamp":"2025-10-29T06:43:24.920Z"}
{"level":"error","message":"Redis client error: AggregateError","timestamp":"2025-10-29T06:43:27.031Z"}
{"level":"error","message":"Redis client error: AggregateError","timestamp":"2025-10-29T06:43:29.076Z"}
{"level":"error","message":"Redis client error: AggregateError","timestamp":"2025-10-29T06:43:31.185Z"}
{"level":"error","message":"Redis client error: AggregateError","timestamp":"2025-10-29T06:43:33.231Z"}
{"level":"error","message":"Redis client error: AggregateError","timestamp":"2025-10-29T06:43:35.373Z"}
{"level":"error","message":"Redis client error: AggregateError","timestamp":"2025-10-29T06:43:37.416Z"}
{"level":"error","message":"Redis client error: AggregateError","timestamp":"2025-10-29T06:43:39.597Z"}
{"level":"error","message":"Redis client error: AggregateError","timestamp":"2025-10-29T06:43:41.706Z"}
{"level":"error","message":"Redis client error: AggregateError","timestamp":"2025-10-29T06:43:43.885Z"}
{"level":"error","message":"Redis client error: AggregateError","timestamp":"2025-10-29T06:43:46.013Z"}
{"level":"error","message":"Redis client error: AggregateError","timestamp":"2025-10-29T06:43:48.150Z"}
{"level":"error","message":"Redis client error: AggregateError","timestamp":"2025-10-29T06:43:50.296Z"}
{"level":"error","message":"Redis client error: AggregateError","timestamp":"2025-10-29T06:43:52.496Z"}
{"level":"error","message":"Redis client error: AggregateError","timestamp":"2025-10-29T06:43:54.541Z"}
{"level":"error","message":"Redis client error: AggregateError","timestamp":"2025-10-29T06:43:56.639Z"}
{"level":"error","message":"Redis client error: AggregateError","timestamp":"2025-10-29T06:43:58.832Z"}
{"level":"error","message":"Redis client error: AggregateError","timestamp":"2025-10-29T06:44:00.871Z"}
{"level":"error","message":"Redis client error: AggregateError","timestamp":"2025-10-29T06:44:02.916Z"}
{"level":"error","message":"Redis client error: AggregateError","timestamp":"2025-10-29T06:44:04.934Z"}
{"level":"error","message":"Redis client error: AggregateError","timestamp":"2025-10-29T06:44:07.003Z"}
{"level":"error","message":"Redis client error: AggregateError","timestamp":"2025-10-29T06:44:09.138Z"}
{"level":"error","message":"Redis client error: AggregateError","timestamp":"2025-10-29T06:44:11.316Z"}
{"level":"error","message":"Redis client error: AggregateError","timestamp":"2025-10-29T06:44:13.418Z"}
{"level":"error","message":"Redis client error: AggregateError","timestamp":"2025-10-29T06:44:15.610Z"}
{"level":"error","message":"Redis client error: AggregateError","timestamp":"2025-10-29T06:44:17.643Z"}
{"level":"error","message":"Redis client error: AggregateError","timestamp":"2025-10-29T06:44:19.692Z"}
{"level":"error","message":"Redis client error: AggregateError","timestamp":"2025-10-29T06:44:21.757Z"}
{"level":"error","message":"Redis client error: AggregateError","timestamp":"2025-10-29T06:44:23.903Z"}
{"level":"error","message":"Redis client error: AggregateError","timestamp":"2025-10-29T06:44:25.996Z"}
{"level":"error","message":"Redis client error: AggregateError","timestamp":"2025-10-29T06:44:28.201Z"}
{"level":"error","message":"Redis client error: AggregateError","timestamp":"2025-10-29T06:44:30.326Z"}
{"level":"error","message":"Redis client error: AggregateError","timestamp":"2025-10-29T06:44:32.467Z"}
{"level":"error","message":"Redis client error: AggregateError","timestamp":"2025-10-29T06:44:34.599Z"}
{"level":"error","message":"Redis client error: AggregateError","timestamp":"2025-10-29T06:44:36.702Z"}
{"level":"error","message":"Redis client error: AggregateError","timestamp":"2025-10-29T06:44:38.791Z"}
{"level":"error","message":"Redis client error: AggregateError","timestamp":"2025-10-29T06:44:40.882Z"}
{"level":"error","message":"Redis client error: AggregateError","timestamp":"2025-10-29T06:44:43.021Z"}
{"level":"error","message":"Redis client error: AggregateError","timestamp":"2025-10-29T06:44:45.042Z"}
{"level":"error","message":"Redis client error: AggregateError","timestamp":"2025-10-29T06:44:47.217Z"}
{"level":"error","message":"Redis client error: AggregateError","timestamp":"2025-10-29T06:44:49.237Z"}
{"level":"error","message":"Redis client error: AggregateError","timestamp":"2025-10-29T06:44:51.434Z"}
{"level":"error","message":"Redis client error: AggregateError","timestamp":"2025-10-29T06:44:53.487Z"}
{"level":"error","message":"Redis client error: AggregateError","timestamp":"2025-10-29T06:44:55.665Z"}
{"level":"error","message":"Redis client error: AggregateError","timestamp":"2025-10-29T06:44:57.706Z"}
{"level":"error","message":"Redis client error: AggregateError","timestamp":"2025-10-29T06:44:59.850Z"}
{"level":"error","message":"Redis client error: AggregateError","timestamp":"2025-10-29T06:45:02.025Z"}
{"level":"error","message":"Redis client error: AggregateError","timestamp":"2025-10-29T06:45:04.205Z"}
{"level":"error","message":"Redis client error: AggregateError","timestamp":"2025-10-29T06:45:06.342Z"}
{"level":"error","message":"Redis client error: AggregateError","timestamp":"2025-10-29T06:45:08.375Z"}
{"level":"error","message":"Redis client error: AggregateError","timestamp":"2025-10-29T06:45:10.402Z"}
{"level":"error","message":"Redis client error: AggregateError","timestamp":"2025-10-29T06:45:12.421Z"}
{"level":"error","message":"Redis client error: AggregateError","timestamp":"2025-10-29T06:45:14.475Z"}
{"level":"error","message":"Redis client error: AggregateError","timestamp":"2025-10-29T06:45:16.556Z"}
{"level":"error","message":"Redis client error: AggregateError","timestamp":"2025-10-29T06:45:18.673Z"}
{"level":"error","message":"Redis client error: AggregateError","timestamp":"2025-10-29T06:45:20.684Z"}
{"level":"error","message":"Redis client error: AggregateError","timestamp":"2025-10-29T06:45:22.720Z"}
{"level":"error","message":"Redis client error: AggregateError","timestamp":"2025-10-29T06:45:24.881Z"}
{"level":"error","message":"Redis client error: AggregateError","timestamp":"2025-10-29T06:45:26.929Z"}
{"level":"error","message":"Redis client error: AggregateError","timestamp":"2025-10-29T06:45:29.095Z"}
{"level":"error","message":"Redis client error: AggregateError","timestamp":"2025-10-29T06:45:31.259Z"}
{"level":"error","message":"Redis client error: AggregateError","timestamp":"2025-10-29T06:45:33.325Z"}
{"level":"error","message":"Redis client error: AggregateError","timestamp":"2025-10-29T06:45:35.409Z"}
{"level":"error","message":"Redis client error: AggregateError","timestamp":"2025-10-29T06:45:37.457Z"}
{"level":"error","message":"Redis client error: AggregateError","timestamp":"2025-10-29T06:45:39.475Z"}
{"level":"error","message":"Redis client error: AggregateError","timestamp":"2025-10-29T06:45:41.684Z"}
{"level":"error","message":"Redis client error: AggregateError","timestamp":"2025-10-29T06:45:43.886Z"}
{"level":"error","message":"Redis client error: AggregateError","timestamp":"2025-10-29T06:45:45.995Z"}
{"level":"error","message":"Redis client error: AggregateError","timestamp":"2025-10-29T06:45:48.066Z"}
{"level":"error","message":"Redis client error: AggregateError","timestamp":"2025-10-29T06:45:50.267Z"}
{"level":"error","message":"Redis client error: AggregateError","timestamp":"2025-10-29T06:45:52.283Z"}
{"level":"error","message":"Redis client error: AggregateError","timestamp":"2025-10-29T06:45:54.359Z"}
{"level":"error","message":"Redis client error: AggregateError","timestamp":"2025-10-29T06:45:56.432Z"}
{"level":"error","message":"Redis client error: AggregateError","timestamp":"2025-10-29T06:45:58.559Z"}
{"level":"error","message":"Redis client error: AggregateError","timestamp":"2025-10-29T06:46:00.661Z"}
{"level":"error","message":"Redis client error: AggregateError","timestamp":"2025-10-29T06:46:02.687Z"}
{"level":"error","message":"Redis client error: AggregateError","timestamp":"2025-10-29T06:46:04.725Z"}
{"level":"error","message":"Redis client error: AggregateError","timestamp":"2025-10-29T06:46:06.776Z"}
{"level":"error","message":"Redis client error: AggregateError","timestamp":"2025-10-29T06:46:08.856Z"}
{"level":"error","message":"Redis client error: AggregateError","timestamp":"2025-10-29T06:46:10.873Z"}
{"level":"error","message":"Redis client error: AggregateError","timestamp":"2025-10-29T06:46:13.003Z"}
{"level":"error","message":"Redis client error: AggregateError","timestamp":"2025-10-29T06:46:15.144Z"}
{"level":"error","message":"Redis client error: AggregateError","timestamp":"2025-10-29T06:46:17.207Z"}
{"level":"error","message":"Redis client error: AggregateError","timestamp":"2025-10-29T06:46:19.253Z"}
{"level":"error","message":"Redis client error: AggregateError","timestamp":"2025-10-29T06:46:21.373Z"}
{"level":"error","message":"Redis client error: AggregateError","timestamp":"2025-10-29T06:46:23.394Z"}
{"level":"error","message":"Redis client error: AggregateError","timestamp":"2025-10-29T06:46:25.423Z"}
{"level":"error","message":"Redis client error: AggregateError","timestamp":"2025-10-29T06:46:27.597Z"}
{"level":"error","message":"Redis client error: AggregateError","timestamp":"2025-10-29T06:46:29.720Z"}
{"level":"error","message":"Redis client error: AggregateError","timestamp":"2025-10-29T06:46:31.881Z"}
{"level":"error","message":"Redis client error: AggregateError","timestamp":"2025-10-29T06:46:34.070Z"}
{"level":"error","message":"Redis client error: AggregateError","timestamp":"2025-10-29T06:46:36.082Z"}
{"level":"error","message":"Redis client error: AggregateError","timestamp":"2025-10-29T06:46:38.113Z"}
{"level":"error","message":"Redis client error: AggregateError","timestamp":"2025-10-29T06:46:40.236Z"}
{"level":"error","message":"Redis client error: AggregateError","timestamp":"2025-10-29T06:46:42.306Z"}
{"level":"error","message":"Redis client error: AggregateError","timestamp":"2025-10-29T06:46:44.312Z"}
{"level":"error","message":"Redis client error: AggregateError","timestamp":"2025-10-29T06:46:46.450Z"}
{"level":"error","message":"Redis client error: AggregateError","timestamp":"2025-10-29T06:46:48.495Z"}
{"level":"error","message":"Redis client error: AggregateError","timestamp":"2025-10-29T06:46:50.585Z"}
{"level":"error","message":"Redis client error: AggregateError","timestamp":"2025-10-29T06:46:52.633Z"}
{"level":"error","message":"Redis client error: AggregateError","timestamp":"2025-10-29T06:46:54.676Z"}
{"level":"error","message":"Email transporter verification failed:","timestamp":"2025-11-05T14:01:49.083Z"}
{"level":"error","message":"Email transporter verification failed:","timestamp":"2025-11-05T14:03:27.357Z"}
{"level":"error","message":"Email transporter verification failed:","timestamp":"2025-11-05T16:06:12.975Z"}
{"level":"error","message":"Email transporter verification failed:","timestamp":"2025-11-05T16:25:52.678Z"}
{"level":"error","message":"Email transporter verification failed:","timestamp":"2025-11-05T21:57:41.561Z"}
{"level":"error","message":"Email transporter verification failed:","timestamp":"2025-11-06T11:27:36.441Z"}
{"level":"error","message":"Email transporter verification failed:","timestamp":"2025-11-06T12:01:19.314Z"}
{"level":"error","message":"Email transporter verification failed:","timestamp":"2025-11-06T15:09:42.148Z"}
{"level":"error","message":"Redis DEL PATTERN error: Error: MISCONF Redis is configured to save RDB snapshots, but it is currently not able to persist on disk. Commands that may modify the data set are disabled, because this instance is configured to report errors during writes if RDB snapshotting fails (stop-writes-on-bgsave-error option). Please check the Redis logs for details about the RDB error.","timestamp":"2025-11-06T16:03:13.167Z"}
{"level":"error","message":"Redis DEL PATTERN error: Error: MISCONF Redis is configured to save RDB snapshots, but it is currently not able to persist on disk. Commands that may modify the data set are disabled, because this instance is configured to report errors during writes if RDB snapshotting fails (stop-writes-on-bgsave-error option). Please check the Redis logs for details about the RDB error.","timestamp":"2025-11-06T16:03:58.776Z"}
{"level":"error","message":"Email transporter verification failed:","timestamp":"2025-11-06T14:24:54.632Z"}
{"level":"error","message":"Email transporter verification failed:","timestamp":"2025-11-06T14:39:30.903Z"}
{"level":"error","message":"Email transporter verification failed:","timestamp":"2025-11-06T14:42:40.747Z"}
{"level":"error","message":"Email transporter verification failed:","timestamp":"2025-11-06T14:48:27.389Z"}
{"level":"error","message":"Email transporter verification failed:","timestamp":"2025-11-06T14:53:27.953Z"}
{"level":"error","message":"Email transporter verification failed:","timestamp":"2025-11-06T14:54:34.138Z"}
{"level":"error","message":"Email transporter verification failed:","timestamp":"2025-11-06T14:57:58.017Z"}
{"level":"error","message":"Email transporter verification failed:","timestamp":"2025-11-06T15:03:52.517Z"}
{"level":"error","message":"Email transporter verification failed:","timestamp":"2025-11-06T15:06:52.689Z"}
{"level":"error","message":"Email transporter verification failed:","timestamp":"2025-11-12T19:49:35.094Z"}
{"level":"error","message":"Email transporter verification failed:","timestamp":"2025-11-12T22:32:14.851Z"}
{"level":"error","message":"Email transporter verification failed:","timestamp":"2025-11-12T23:08:40.801Z"}
{"level":"error","message":"Email transporter verification failed:","timestamp":"2025-11-12T23:11:50.331Z"}
{"level":"error","message":"Email transporter verification failed:","timestamp":"2025-11-12T23:12:00.370Z"}
{"level":"error","message":"Email transporter verification failed:","timestamp":"2025-11-12T23:14:49.869Z"}
{"level":"error","message":"Email transporter verification failed:","timestamp":"2025-11-12T23:15:35.190Z"}
{"level":"error","message":"Email transporter verification failed:","timestamp":"2025-11-13T00:05:06.142Z"}
{"level":"error","message":"Email transporter verification failed:","timestamp":"2025-11-13T00:05:14.169Z"}
{"level":"error","message":"Email transporter verification failed:","timestamp":"2025-11-13T00:05:33.298Z"}
{"level":"error","message":"Email transporter verification failed:","timestamp":"2025-11-16T01:13:06.597Z"}
{"level":"error","message":"Email transporter verification failed:","timestamp":"2025-11-16T12:00:10.925Z"}
{"level":"error","message":"Email transporter verification failed:","timestamp":"2025-11-16T12:39:37.790Z"}
{"level":"error","message":"Email transporter verification failed:","timestamp":"2025-11-16T15:00:10.169Z"}
